<?xml version="1.0" encoding="UTF-8"?>
<!-- Generated by org.testng.reporters.JUnitReportReporter -->
<testsuite hostname="PS-WIN-LP-379" failures="0" tests="1" name="testcases.HomePageTest" time="14.130" errors="0" timestamp="2022-02-18T11:09:12 IST" skipped="0">
  <testcase classname="testcases.HomePageTest" name="testIt" time="14.130"/>
  <system-out/>
</testsuite> <!-- testcases.HomePageTest -->
