<?xml version="1.0" encoding="UTF-8"?>
<!-- Generated by org.testng.reporters.JUnitReportReporter -->
<testsuite hostname="LAPTOP-4QOK25KC" failures="0" tests="1" name="testcases.HomePageTest" time="28.948" errors="0" timestamp="2022-02-22T15:56:25 IST" skipped="0">
  <testcase classname="testcases.HomePageTest" name="testIt" time="28.948"/>
  <system-out/>
</testsuite> <!-- testcases.HomePageTest -->
