<?xml version="1.0" encoding="UTF-8"?>
<!-- Generated by org.testng.reporters.JUnitReportReporter -->
<testsuite hostname="PS-WIN-LP-379" failures="0" tests="1" name="testcases.HomePageTest" time="14.011" errors="0" timestamp="2022-02-18T11:15:28 IST" skipped="0">
  <testcase classname="testcases.HomePageTest" name="testIt" time="14.011"/>
  <system-out/>
</testsuite> <!-- testcases.HomePageTest -->
